<?xml version="1.0" encoding="UTF-8"?>
<!-- Generated by org.testng.reporters.JUnitReportReporter -->
<testsuite hostname="DESKTOP-99N73JI" failures="0" tests="1" name="tc.q3homepage" time="9.743" errors="0" timestamp="2021-02-08T09:38:14 IST" skipped="0">
  <testcase classname="tc.q3homepage" name="q3login" time="9.743"/>
</testsuite> <!-- tc.q3homepage -->
